<?xml version="1.0" encoding="UTF-8"?>
<testsuite name="SimpleSearchEngineTest" tests="1" skipped="0" failures="0" errors="0" timestamp="2021-08-25T15:48:30" hostname="HOME-PC" time="0.382">
  <properties/>
  <testcase name="start" classname="SimpleSearchEngineTest" time="0.382"/>
  <system-out><![CDATA[?[1;31m
Start test 1?[0m
Enter the number of people:
> 6
> Dwight Joseph djo@gmail.com
> Rene Webb webb@gmail.com
> Katie Jacobs
> Erick Harrington harrington@gmail.com
> Myrtle Medina
> Erick Burgess

=== Menu ===
1. Find a person
2. Print all people
0. Exit
> 2

Dwight Joseph djo@gmail.com
Rene Webb webb@gmail.com
Katie Jacobs
Erick Harrington harrington@gmail.com
Myrtle Medina
Erick Burgess

=== Menu ===
1. Find a person
2. Print all people
0. Exit
> 0
Incorrect option! Try again.
?[1;31m
Start test 2?[0m
Enter the number of people:
> 6
> Dwight Joseph djo@gmail.com
> Rene Webb webb@gmail.com
> Katie Jacobs
> Erick Harrington harrington@gmail.com
> Myrtle Medina
> Erick Burgess

=== Menu ===
1. Find a person
2. Print all people
0. Exit
> 1
Enter data to search people:
> burgess
Found people:
Erick Burgess

=== Menu ===
1. Find a person
2. Print all people
0. Exit
Incorrect option! Try again.

=== Menu ===
1. Find a person
2. Print all people
0. Exit
> 0
Incorrect option! Try again.
?[1;31m
Start test 3?[0m
Enter the number of people:
> 6
> Dwight Joseph djo@gmail.com
> Rene Webb webb@gmail.com
> Katie Jacobs
> Erick Harrington harrington@gmail.com
> Myrtle Medina
> Erick Burgess

=== Menu ===
1. Find a person
2. Print all people
0. Exit
> 1
Enter data to search people:
> erick
Found people:
Erick Harrington harrington@gmail.com
Erick Burgess

=== Menu ===
1. Find a person
2. Print all people
0. Exit
Incorrect option! Try again.

=== Menu ===
1. Find a person
2. Print all people
0. Exit
> 0
Incorrect option! Try again.
?[1;31m
Start test 4?[0m
Enter the number of people:
> 6
> Dwight Joseph djo@gmail.com
> Rene Webb webb@gmail.com
> Katie Jacobs
> Erick Harrington harrington@gmail.com
> Myrtle Medina
> Erick Burgess

=== Menu ===
1. Find a person
2. Print all people
0. Exit
> 3
Incorrect option! Try again.

=== Menu ===
1. Find a person
2. Print all people
0. Exit
> 1
Enter data to search people:
> burgess
Found people:
Erick Burgess

=== Menu ===
1. Find a person
2. Print all people
0. Exit
Incorrect option! Try again.

=== Menu ===
1. Find a person
2. Print all people
0. Exit
> 2

Dwight Joseph djo@gmail.com
Rene Webb webb@gmail.com
Katie Jacobs
Erick Harrington harrington@gmail.com
Myrtle Medina
Erick Burgess

=== Menu ===
1. Find a person
2. Print all people
0. Exit
> 2

Dwight Joseph djo@gmail.com
Rene Webb webb@gmail.com
Katie Jacobs
Erick Harrington harrington@gmail.com
Myrtle Medina
Erick Burgess

=== Menu ===
1. Find a person
2. Print all people
0. Exit
> 1
Enter data to search people:
> erick
Found people:
Erick Harrington harrington@gmail.com
Erick Burgess

=== Menu ===
1. Find a person
2. Print all people
0. Exit
Incorrect option! Try again.

=== Menu ===
1. Find a person
2. Print all people
0. Exit
> 0
Incorrect option! Try again.
?[1;31m
Start test 5?[0m
Enter the number of people:
> 6
> Dwight Joseph djo@gmail.com
> Rene Webb webb@gmail.com
> Katie Jacobs
> Erick Harrington harrington@gmail.com
> Myrtle Medina
> Erick Burgess

=== Menu ===
1. Find a person
2. Print all people
0. Exit
> 2

Dwight Joseph djo@gmail.com
Rene Webb webb@gmail.com
Katie Jacobs
Erick Harrington harrington@gmail.com
Myrtle Medina
Erick Burgess

=== Menu ===
1. Find a person
2. Print all people
0. Exit
> 1
Enter data to search people:
> @
Found people:
Dwight Joseph djo@gmail.com
Rene Webb webb@gmail.com
Erick Harrington harrington@gmail.com

=== Menu ===
1. Find a person
2. Print all people
0. Exit
Incorrect option! Try again.

=== Menu ===
1. Find a person
2. Print all people
0. Exit
> 1
Enter data to search people:
> this text never find some match
No matching people found.

=== Menu ===
1. Find a person
2. Print all people
0. Exit
Incorrect option! Try again.

=== Menu ===
1. Find a person
2. Print all people
0. Exit
> 2

Dwight Joseph djo@gmail.com
Rene Webb webb@gmail.com
Katie Jacobs
Erick Harrington harrington@gmail.com
Myrtle Medina
Erick Burgess

=== Menu ===
1. Find a person
2. Print all people
0. Exit
> 0
Incorrect option! Try again.
?[1;31m
Start test 6?[0m
Enter the number of people:
> 6
> Dwight Joseph djo@gmail.com
> Rene Webb webb@gmail.com
> Katie Jacobs
> Erick Harrington harrington@gmail.com
> Myrtle Medina
> Erick Burgess

=== Menu ===
1. Find a person
2. Print all people
0. Exit
> 0
Incorrect option! Try again.
]]></system-out>
  <system-err><![CDATA[]]></system-err>
</testsuite>
